<?xml version="1.0" encoding="UTF-8"?>
<!-- Generated by org.testng.reporters.JUnitReportReporter -->
<testsuite hostname="Priyanka_Sharma" failures="0" tests="2" name="testngBaseClass.HardAssertEx" time="0.011" errors="0" timestamp="2024-10-04T15:17:46 IST" skipped="0">
  <testcase classname="testngBaseClass.HardAssertEx" name="m2" time="0.001"/>
  <system-out/>
  <testcase classname="testngBaseClass.HardAssertEx" name="m1" time="0.010"/>
  <system-out/>
</testsuite> <!-- testngBaseClass.HardAssertEx -->
