<?xml version="1.0" encoding="UTF-8"?>
<!-- Generated by org.testng.reporters.JUnitReportReporter -->
<testsuite hostname="Priyanka_Sharma" failures="0" tests="1" name="testngBaseClass.CreateCampaignWithProductTest" time="29.743" errors="0" timestamp="2024-10-10T17:24:11 IST" skipped="0">
  <testcase classname="testngBaseClass.CreateCampaignWithProductTest" name="createCampaignWithProductTest" time="29.743"/>
  <system-out/>
</testsuite> <!-- testngBaseClass.CreateCampaignWithProductTest -->
