<?xml version="1.0" encoding="UTF-8"?>
<!-- Generated by org.testng.reporters.JUnitReportReporter -->
<testsuite hostname="Priyanka_Sharma" failures="0" tests="3" name="TestNgPractice.ParticularMethod" time="0.009" errors="0" timestamp="2024-09-26T16:09:05 IST" skipped="1">
  <testcase classname="TestNgPractice.ParticularMethod" name="deleteContact" time="0.000"/>
  <system-out/>
  <testcase classname="TestNgPractice.ParticularMethod" name="createContact" time="0.009"/>
  <system-out/>
  <testcase classname="TestNgPractice.ParticularMethod" name="modifyContact">
    <skipped/>
  </testcase> <!-- modifyContact -->
  <system-out/>
</testsuite> <!-- TestNgPractice.ParticularMethod -->
