<?xml version="1.0" encoding="UTF-8"?>
<!-- Generated by org.testng.reporters.JUnitReportReporter -->
<testsuite hostname="Priyanka_Sharma" failures="0" tests="3" name="TestNgPractice.PriorityMethod" time="0.012" errors="0" timestamp="2024-09-26T15:59:36 IST" skipped="0">
  <testcase classname="TestNgPractice.PriorityMethod" name="modifyContact" time="0.011"/>
  <system-out/>
  <testcase classname="TestNgPractice.PriorityMethod" name="createContact" time="0.001"/>
  <system-out/>
  <testcase classname="TestNgPractice.PriorityMethod" name="deleteContact" time="0.000"/>
  <system-out/>
</testsuite> <!-- TestNgPractice.PriorityMethod -->
