<?xml version="1.0" encoding="UTF-8"?>
<!-- Generated by org.testng.reporters.JUnitReportReporter -->
<testsuite hostname="Priyanka_Sharma" failures="0" tests="1" name="testngBaseClass.CreateCampaignBaseClassTest" time="18.574" errors="0" timestamp="2024-10-10T17:16:19 IST" skipped="0">
  <testcase classname="testngBaseClass.CreateCampaignBaseClassTest" name="createCampaignBaseClassTest" time="18.574"/>
  <system-out/>
</testsuite> <!-- testngBaseClass.CreateCampaignBaseClassTest -->
