<?xml version="1.0" encoding="UTF-8"?>
<!-- Generated by org.testng.reporters.JUnitReportReporter -->
<testsuite hostname="Priyanka_Sharma" failures="0" tests="1" name="TestNgPractice.HardAssertEx2" time="65.212" errors="0" timestamp="2024-10-04T15:30:50 IST" skipped="0">
  <testcase classname="TestNgPractice.HardAssertEx2" name="login" time="65.212"/>
  <system-out/>
</testsuite> <!-- TestNgPractice.HardAssertEx2 -->
