<?xml version="1.0" encoding="UTF-8"?>
<!-- Generated by org.testng.reporters.JUnitReportReporter -->
<testsuite hostname="Priyanka_Sharma" failures="0" tests="3" name="TestNgPractice.SampleTest" time="0.014" errors="0" timestamp="2024-09-26T15:23:33 IST" skipped="0">
  <testcase classname="TestNgPractice.SampleTest" name="createContact" time="0.012"/>
  <system-out/>
  <testcase classname="TestNgPractice.SampleTest" name="modifyContact" time="0.001"/>
  <system-out/>
  <testcase classname="TestNgPractice.SampleTest" name="deletedContact" time="0.001"/>
  <system-out/>
</testsuite> <!-- TestNgPractice.SampleTest -->
