<?xml version="1.0" encoding="UTF-8"?>
<!-- Generated by org.testng.reporters.JUnitReportReporter -->
<testsuite hostname="Priyanka_Sharma" failures="0" tests="1" name="testngBaseClass.CreateProductBaseClassTest" time="20.234" errors="0" timestamp="2024-10-09T14:53:19 IST" skipped="0">
  <testcase classname="testngBaseClass.CreateProductBaseClassTest" name="createProductBaseClassTest" time="20.234"/>
  <system-out/>
</testsuite> <!-- testngBaseClass.CreateProductBaseClassTest -->
