<?xml version="1.0" encoding="UTF-8"?>
<!-- Generated by org.testng.reporters.JUnitReportReporter -->
<testsuite hostname="Priyanka_Sharma" failures="0" tests="2" name="TestNgPractice.DataProviderEx1" time="0.012" errors="0" timestamp="2024-09-26T18:47:09 IST" skipped="0">
  <testcase classname="TestNgPractice.DataProviderEx1" name="bookTickets" time="0.011"/>
  <system-out/>
  <testcase classname="TestNgPractice.DataProviderEx1" name="bookTickets" time="0.001"/>
  <system-out/>
</testsuite> <!-- TestNgPractice.DataProviderEx1 -->
