<?xml version="1.0" encoding="UTF-8"?>
<!-- Generated by org.testng.reporters.JUnitReportReporter -->
<testsuite hostname="Priyanka_Sharma" failures="0" tests="4" name="TestNgPractice.DataProviderEx3" time="83.598" errors="0" timestamp="2024-09-27T13:59:21 IST" skipped="0">
  <testcase classname="TestNgPractice.DataProviderEx3" name="data" time="20.724"/>
  <system-out/>
  <testcase classname="TestNgPractice.DataProviderEx3" name="data" time="19.991"/>
  <system-out/>
  <testcase classname="TestNgPractice.DataProviderEx3" name="data" time="22.045"/>
  <system-out/>
  <testcase classname="TestNgPractice.DataProviderEx3" name="data" time="20.838"/>
  <system-out/>
</testsuite> <!-- TestNgPractice.DataProviderEx3 -->
