<?xml version="1.0" encoding="UTF-8"?>
<!-- Generated by org.testng.reporters.JUnitReportReporter -->
<testsuite hostname="Priyanka_Sharma" failures="0" tests="3" name="TestNgPractice.DataProviderEx2" time="60.993" errors="0" timestamp="2024-09-27T13:57:46 IST" skipped="0">
  <testcase classname="TestNgPractice.DataProviderEx2" name="data" time="21.480"/>
  <system-out/>
  <testcase classname="TestNgPractice.DataProviderEx2" name="data" time="19.634"/>
  <system-out/>
  <testcase classname="TestNgPractice.DataProviderEx2" name="data" time="19.879"/>
  <system-out/>
</testsuite> <!-- TestNgPractice.DataProviderEx2 -->
