<?xml version="1.0" encoding="UTF-8"?>
<!-- Generated by org.testng.reporters.JUnitReportReporter -->
<testsuite hostname="Priyanka_Sharma" failures="0" tests="1" name="testngBaseClass.CreatePrdAndDltPrdBaseTest" time="24.740" errors="0" timestamp="2024-10-01T17:34:40 IST" skipped="0">
  <testcase classname="testngBaseClass.CreatePrdAndDltPrdBaseTest" name="CreatePrdAndDltPrdBaseTest" time="24.740"/>
  <system-out/>
</testsuite> <!-- testngBaseClass.CreatePrdAndDltPrdBaseTest -->
