<?xml version="1.0" encoding="UTF-8"?>
<!-- Generated by org.testng.reporters.JUnitReportReporter -->
<testsuite hostname="Priyanka_Sharma" failures="0" tests="1" name="testngBaseClass.CreateCampaignsTest" time="20.845" errors="0" timestamp="2024-10-10T17:14:43 IST" skipped="0">
  <testcase classname="testngBaseClass.CreateCampaignsTest" name="createCampaignsTest" time="20.845"/>
  <system-out/>
</testsuite> <!-- testngBaseClass.CreateCampaignsTest -->
