<?xml version="1.0" encoding="UTF-8"?>
<!-- Generated by org.testng.reporters.JUnitReportReporter -->
<testsuite hostname="Priyanka_Sharma" failures="0" tests="3" name="TestNgPractice.DependsOnMethod" time="0.016" errors="0" timestamp="2024-09-26T16:00:42 IST" skipped="0">
  <testcase classname="TestNgPractice.DependsOnMethod" name="deleteContact" time="0.001"/>
  <system-out/>
  <testcase classname="TestNgPractice.DependsOnMethod" name="modifyContact" time="0.001"/>
  <system-out/>
  <testcase classname="TestNgPractice.DependsOnMethod" name="createContact" time="0.014"/>
  <system-out/>
</testsuite> <!-- TestNgPractice.DependsOnMethod -->
