<?xml version="1.0" encoding="UTF-8"?>
<!-- Generated by org.testng.reporters.JUnitReportReporter -->
<testsuite hostname="Priyanka_Sharma" failures="0" tests="4" name="TestNgPractice.InvocationCount" time="0.014" errors="0" timestamp="2024-09-26T16:12:48 IST" skipped="0">
  <testcase classname="TestNgPractice.InvocationCount" name="createContact" time="0.000"/>
  <system-out/>
  <testcase classname="TestNgPractice.InvocationCount" name="createContact" time="0.012"/>
  <system-out/>
  <testcase classname="TestNgPractice.InvocationCount" name="modifyContact" time="0.001"/>
  <system-out/>
  <testcase classname="TestNgPractice.InvocationCount" name="deleteContact" time="0.001"/>
  <system-out/>
</testsuite> <!-- TestNgPractice.InvocationCount -->
